nohup: ignoring input
usage: distill.py [-h] [--train-path TRAIN_PATH] [--test-path TEST_PATH]
                  [--teacher-save-path TEACHER_SAVE_PATH]
                  [--student-save-path STUDENT_SAVE_PATH] [--device DEVICE]
                  [--train-teacher TRAIN_TEACHER]
                  [--train-student TRAIN_STUDENT]
                  [--require-improvement REQUIRE_IMPROVEMENT]
                  [--num-classes NUM_CLASSES]
                  [--teacher-num-epochs TEACHER_NUM_EPOCHS]
                  [--student-num-epochs STUDENT_NUM_EPOCHS]
                  [--batch-size BATCH_SIZE] [--pad-size PAD_SIZE]
                  [--learning-rate LEARNING_RATE] [--bert-path BERT_PATH]
                  [--tokenizer TOKENIZER] [--hidden-size HIDDEN_SIZE]
                  [--LSTM-bias] [--LSTM-peephole] [--use-mpo]
                  [--truncate-num TRUNCATE_NUM]
                  [class_list ...] [mpo_type ...] [embedding_input_shape ...]
                  [embedding_output_shape ...] [fc1_input_shape ...]
                  [fc1_output_shape ...] [fc2_input_shape ...]
                  [fc2_output_shape ...] [xh_input_shape ...]
                  [xh_output_shape ...] [hh_input_shape ...]
                  [hh_output_shape ...]
distill.py: error: unrecognized arguments: --fc1-input-shape 2 10 10 3 --fc1-output-shape 2 6 8 2 --fc2-input-shape 2 6 8 2 --fc2-output-shape 1 1 5 1 --xh-input-shape 2 5 10 3 --xh-output-shape 6 8 16 4 --hh-input-shape 3 8 8 4 --hh-output-shape 6 8 16 4
