usage: distill.py [-h] [--class-list [CLASS_LIST ...]]
                  [--train-path TRAIN_PATH] [--test-path TEST_PATH]
                  [--teacher-save-path TEACHER_SAVE_PATH]
                  [--student-save-path STUDENT_SAVE_PATH] [--device DEVICE]
                  [--train-teacher TRAIN_TEACHER]
                  [--train-student TRAIN_STUDENT]
                  [--require-improvement REQUIRE_IMPROVEMENT]
                  [--num-classes NUM_CLASSES]
                  [--teacher-num-epochs TEACHER_NUM_EPOCHS]
                  [--student-num-epochs STUDENT_NUM_EPOCHS]
                  [--batch-size BATCH_SIZE] [--pad-size PAD_SIZE]
                  [--learning-rate LEARNING_RATE] [--bert-path BERT_PATH]
                  [--tokenizer TOKENIZER] [--hidden-size HIDDEN_SIZE]
                  [--LSTM-bias] [--LSTM-peephole] [--use-mpo]
                  [--mpo-type [MPO_TYPE ...]] [--truncate-num TRUNCATE_NUM]
                  [--embedding-input-shape [EMBEDDING_INPUT_SHAPE ...]]
                  [--embedding-output-shape [EMBEDDING_OUTPUT_SHAPE ...]]
                  [--fc1-input-shape [FC1_INPUT_SHAPE ...]]
                  [--fc1-output-shape [FC1_OUTPUT_SHAPE ...]]
                  [--fc2-input-shape [FC2_INPUT_SHAPE ...]]
                  [--fc2-output-shape [FC2_OUTPUT_SHAPE ...]]
                  [--xh-input-shape [XH_INPUT_SHAPE ...]]
                  [--xh-output-shape [XH_OUTPUT_SHAPE ...]]
                  [--hh-input-shape [HH_INPUT_SHAPE ...]]
                  [--hh-output-shape [HH_OUTPUT_SHAPE ...]]
distill.py: error: unrecognized arguments: --embedding-inputshape 19 8 7 20
