Config(class_list=<generator object Config.<genexpr> at 0x7fef4abee810>,
       train_path='data/train.json',
       test_path='data/test.json',
       teacher_save_path='saved_dict/teacher.ckpt',
       student_save_path='saved_dict/student.ckpt',
       device=device(type='cuda'),
       train_teacher=0,
       train_student=1,
       require_improvement=1000,
       num_classes=5,
       teacher_num_epochs=3,
       student_num_epochs=3,
       batch_size=64,
       pad_size=32,
       learning_rate=0.0005,
       bert_path='./bert_pretrain',
       tokenizer=PreTrainedTokenizer(name_or_path='./bert_pretrain', vocab_size=21128, model_max_len=1000000000000000019884624838656, is_fast=False, padding_side='right', truncation_side='right', special_tokens={'unk_token': '[UNK]', 'sep_token': '[SEP]', 'pad_token': '[PAD]', 'cls_token': '[CLS]', 'mask_token': '[MASK]'}),
       hidden_size=768,
       LSTM_bias=True,
       LSTM_peephole=False,
       use_mpo=True,
       mpo_type=['lstm', 'fc', 'embedding'],
       truncate_num=10000,
       embedding_input_shape=[19, 8, 7, 20],
       embedding_output_shape=[10, 3, 1, 10],
       fc1_input_shape=[10, 2, 3, 10],
       fc1_output_shape=[6, 2, 2, 8],
       fc2_input_shape=[6, 2, 2, 8],
       fc2_output_shape=[5, 1, 1, 1],
       xh_input_shape=[10, 3, 1, 10],
       xh_output_shape=[10, 3, 4, 10],
       hh_input_shape=[10, 3, 1, 10],
       hh_output_shape=[10, 3, 4, 10])
加载数据...
Time usage: 0:00:03
Some weights of the model checkpoint at ./bert_pretrain were not used when initializing BertModel: ['cls.predictions.transform.LayerNorm.weight', 'cls.predictions.bias', 'cls.seq_relationship.weight', 'cls.predictions.decoder.weight', 'cls.seq_relationship.bias', 'cls.predictions.transform.dense.weight', 'cls.predictions.transform.LayerNorm.bias', 'cls.predictions.transform.dense.bias']
- This IS expected if you are initializing BertModel from the checkpoint of a model trained on another task or with another architecture (e.g. initializing a BertForSequenceClassification model from a BertForPreTraining model).
- This IS NOT expected if you are initializing BertModel from the checkpoint of a model that you expect to be exactly identical (initializing a BertForSequenceClassification model from a BertForSequenceClassification model).
1,267,577 total parameters.
Epoch [1/3]
Traceback (most recent call last):
  File "/home/huyiwen/KnowledgeDistillation/distill.py", line 46, in <module>
    student_train(T_model, S_model, cfg, train_loader, test_loader)
  File "/home/huyiwen/KnowledgeDistillation/student.py", line 55, in student_train
    s_logits = S_model(texts)
  File "/home/huyiwen/anaconda3/lib/python3.10/site-packages/torch/nn/modules/module.py", line 1501, in _call_impl
    return forward_call(*args, **kwargs)
  File "/home/huyiwen/KnowledgeDistillation/models/biLSTM.py", line 53, in forward
    x = self.Embedding(x)
  File "/home/huyiwen/anaconda3/lib/python3.10/site-packages/torch/nn/modules/module.py", line 1501, in _call_impl
    return forward_call(*args, **kwargs)
  File "/home/huyiwen/KnowledgeDistillation/compress_tools/MPOtorch.py", line 112, in forward
    weight_rebuild = self.mpo.mpo2matrix(self.tensor_set)[:30522]
  File "/home/huyiwen/KnowledgeDistillation/compress_tools/Matrix2MPO.py", line 222, in mpo2matrix
    t = tensor_set[0]
TypeError: 'NoneType' object is not subscriptable
