Config(class_list=<generator object Config.<genexpr> at 0x7f0eebbee570>,
       train_path='data/train.json',
       test_path='data/test.json',
       teacher_save_path='saved_dict/teacher.ckpt',
       student_save_path='saved_dict/student.ckpt',
       device=device(type='cuda'),
       train_teacher=0,
       train_student=1,
       require_improvement=1000,
       num_classes=5,
       teacher_num_epochs=3,
       student_num_epochs=3,
       batch_size=64,
       pad_size=32,
       learning_rate=0.0005,
       bert_path='./bert_pretrain',
       tokenizer=PreTrainedTokenizer(name_or_path='./bert_pretrain', vocab_size=21128, model_max_len=1000000000000000019884624838656, is_fast=False, padding_side='right', truncation_side='right', special_tokens={'unk_token': '[UNK]', 'sep_token': '[SEP]', 'pad_token': '[PAD]', 'cls_token': '[CLS]', 'mask_token': '[MASK]'}),
       hidden_size=768,
       LSTM_bias=True,
       LSTM_peephole=False,
       use_mpo=True,
       mpo_type=['lstm', 'fc'],
       truncate_num=10000,
       embedding_input_shape=<class 'list'>,
       embedding_output_shape=<class 'list'>,
       fc1_input_shape=[10, 2, 3, 10],
       fc1_output_shape=[6, 2, 2, 8],
       fc2_input_shape=[6, 2, 2, 8],
       fc2_output_shape=[5, 1, 1, 1],
       xh_input_shape=[10, 3, 1, 10],
       xh_output_shape=[10, 3, 4, 10],
       hh_input_shape=[10, 3, 1, 10],
       hh_output_shape=[10, 3, 4, 10])
加载数据...
Time usage: 0:00:03
Some weights of the model checkpoint at ./bert_pretrain were not used when initializing BertModel: ['cls.predictions.bias', 'cls.predictions.transform.LayerNorm.weight', 'cls.predictions.transform.LayerNorm.bias', 'cls.seq_relationship.weight', 'cls.seq_relationship.bias', 'cls.predictions.decoder.weight', 'cls.predictions.transform.dense.weight', 'cls.predictions.transform.dense.bias']
- This IS expected if you are initializing BertModel from the checkpoint of a model trained on another task or with another architecture (e.g. initializing a BertForSequenceClassification model from a BertForPreTraining model).
- This IS NOT expected if you are initializing BertModel from the checkpoint of a model that you expect to be exactly identical (initializing a BertForSequenceClassification model from a BertForSequenceClassification model).
7,605,977 total parameters.
Epoch [1/3]
Iter:      0,  Train Loss: 1.1e+01,  Train Acc: 20.31%,  Val Loss:   9.9,  Val Acc: 22.20%,  Time: 0:00:04 *
Iter:     50,  Train Loss:   8.9,  Train Acc: 18.75%,  Val Loss:   9.7,  Val Acc: 21.31%,  Time: 0:00:14 *
Iter:    100,  Train Loss:   8.4,  Train Acc: 20.31%,  Val Loss:   9.6,  Val Acc: 21.31%,  Time: 0:00:25 *
Iter:    150,  Train Loss:   9.5,  Train Acc: 28.12%,  Val Loss:   9.5,  Val Acc: 29.90%,  Time: 0:00:36 *
Iter:    200,  Train Loss:   8.2,  Train Acc: 37.50%,  Val Loss:   8.6,  Val Acc: 30.87%,  Time: 0:00:47 *
Epoch [2/3]
Iter:    250,  Train Loss:   8.1,  Train Acc: 51.56%,  Val Loss:   8.0,  Val Acc: 44.62%,  Time: 0:00:58 *
Iter:    300,  Train Loss:   6.3,  Train Acc: 59.38%,  Val Loss:   6.8,  Val Acc: 50.63%,  Time: 0:01:08 *
Iter:    350,  Train Loss:   6.8,  Train Acc: 59.38%,  Val Loss:   6.5,  Val Acc: 55.04%,  Time: 0:01:19 *
Iter:    400,  Train Loss:   6.1,  Train Acc: 56.25%,  Val Loss:   6.4,  Val Acc: 56.21%,  Time: 0:01:29 *
Iter:    450,  Train Loss:   6.8,  Train Acc: 57.81%,  Val Loss:   6.4,  Val Acc: 57.40%,  Time: 0:01:40 
Epoch [3/3]
Iter:    500,  Train Loss:   6.1,  Train Acc: 60.94%,  Val Loss:   6.3,  Val Acc: 57.79%,  Time: 0:01:50 *
Iter:    550,  Train Loss:   5.8,  Train Acc: 57.81%,  Val Loss:   6.3,  Val Acc: 57.60%,  Time: 0:02:01 *
Iter:    600,  Train Loss:   5.3,  Train Acc: 67.19%,  Val Loss:   6.0,  Val Acc: 57.29%,  Time: 0:02:12 *
Iter:    650,  Train Loss:   6.8,  Train Acc: 57.81%,  Val Loss:   5.9,  Val Acc: 57.68%,  Time: 0:02:22 *
Iter:    700,  Train Loss:   4.7,  Train Acc: 71.88%,  Val Loss:   5.8,  Val Acc: 57.40%,  Time: 0:02:33 *
