Config(class_list=<map object at 0x7f58d9129e40>,
       train_path='data/train.json',
       test_path='data/test.json',
       teacher_save_path='saved_dict/teacher.ckpt',
       student_save_path='saved_dict/student.ckpt',
       device=device(type='cuda'),
       train_teacher=0,
       train_student=1,
       require_improvement=1000,
       num_classes=5,
       teacher_num_epochs=3,
       student_num_epochs=3,
       batch_size=64,
       pad_size=32,
       learning_rate=0.0003,
       bert_path='./bert_pretrain',
       tokenizer=PreTrainedTokenizer(name_or_path='./bert_pretrain', vocab_size=21128, model_max_len=1000000000000000019884624838656, is_fast=False, padding_side='right', truncation_side='right', special_tokens={'unk_token': '[UNK]', 'sep_token': '[SEP]', 'pad_token': '[PAD]', 'cls_token': '[CLS]', 'mask_token': '[MASK]'}),
       hidden_size=768,
       LSTM_bias=True,
       LSTM_peephole=False,
       use_mpo=True,
       mpo_type=['embedding'],
       truncate_num=10000,
       embedding_input_shape=[19, 4, 1, 2, 7, 20],
       embedding_output_shape=[10, 3, 1, 1, 1, 10],
       fc1_input_shape=(),
       fc1_output_shape=(),
       fc2_input_shape=(),
       fc2_output_shape=(),
       xh_input_shape=(),
       xh_output_shape=(),
       hh_input_shape=(),
       hh_output_shape=())
加载数据...
Time usage: 0:00:03
Some weights of the model checkpoint at ./bert_pretrain were not used when initializing BertModel: ['cls.predictions.transform.dense.weight', 'cls.predictions.transform.dense.bias', 'cls.seq_relationship.weight', 'cls.predictions.decoder.weight', 'cls.predictions.bias', 'cls.seq_relationship.bias', 'cls.predictions.transform.LayerNorm.bias', 'cls.predictions.transform.LayerNorm.weight']
- This IS expected if you are initializing BertModel from the checkpoint of a model trained on another task or with another architecture (e.g. initializing a BertForSequenceClassification model from a BertForPreTraining model).
- This IS NOT expected if you are initializing BertModel from the checkpoint of a model that you expect to be exactly identical (initializing a BertForSequenceClassification model from a BertForSequenceClassification model).
20,378,057 total parameters.
Epoch [1/3]
Iter:      0,  Train Loss: 1.1e+01,  Train Acc: 26.56%,  Val Loss:   9.9,  Val Acc: 21.62%,  Time: 0:00:01 *
Iter:     50,  Train Loss:   5.0,  Train Acc: 65.62%,  Val Loss:   5.5,  Val Acc: 61.96%,  Time: 0:00:02 *
Iter:    100,  Train Loss:   3.9,  Train Acc: 70.31%,  Val Loss:   4.7,  Val Acc: 65.32%,  Time: 0:00:03 *
Iter:    150,  Train Loss:   4.1,  Train Acc: 75.00%,  Val Loss:   4.2,  Val Acc: 66.35%,  Time: 0:00:04 *
Iter:    200,  Train Loss:   4.2,  Train Acc: 71.88%,  Val Loss:   3.7,  Val Acc: 70.05%,  Time: 0:00:05 *
Epoch [2/3]
Iter:    250,  Train Loss:   2.4,  Train Acc: 81.25%,  Val Loss:   3.4,  Val Acc: 70.27%,  Time: 0:00:06 *
Iter:    300,  Train Loss:   2.7,  Train Acc: 79.69%,  Val Loss:   3.2,  Val Acc: 70.66%,  Time: 0:00:07 *
Iter:    350,  Train Loss:   2.4,  Train Acc: 78.12%,  Val Loss:   3.0,  Val Acc: 71.96%,  Time: 0:00:08 *
Iter:    400,  Train Loss:   2.7,  Train Acc: 84.38%,  Val Loss:   2.9,  Val Acc: 71.69%,  Time: 0:00:09 *
Iter:    450,  Train Loss:   2.4,  Train Acc: 78.12%,  Val Loss:   2.9,  Val Acc: 73.44%,  Time: 0:00:10 *
Epoch [3/3]
Iter:    500,  Train Loss:   2.1,  Train Acc: 82.81%,  Val Loss:   2.8,  Val Acc: 73.80%,  Time: 0:00:11 *
Iter:    550,  Train Loss:   2.0,  Train Acc: 81.25%,  Val Loss:   2.7,  Val Acc: 73.41%,  Time: 0:00:12 *
Iter:    600,  Train Loss:   1.6,  Train Acc: 85.94%,  Val Loss:   2.7,  Val Acc: 73.49%,  Time: 0:00:13 *
Iter:    650,  Train Loss:   1.5,  Train Acc: 85.94%,  Val Loss:   2.8,  Val Acc: 72.46%,  Time: 0:00:13 
Iter:    700,  Train Loss:   1.5,  Train Acc: 82.81%,  Val Loss:   2.7,  Val Acc: 73.44%,  Time: 0:00:14 *
