Config(class_list=<map object at 0x7fc235fd1e40>,
       train_path='data/train.json',
       test_path='data/test.json',
       teacher_save_path='saved_dict/teacher.ckpt',
       student_save_path='saved_dict/student.ckpt',
       device=device(type='cuda'),
       train_teacher=0,
       train_student=1,
       require_improvement=1000,
       num_classes=5,
       teacher_num_epochs=3,
       student_num_epochs=3,
       batch_size=64,
       pad_size=32,
       learning_rate=0.0005,
       bert_path='./bert_pretrain',
       tokenizer=PreTrainedTokenizer(name_or_path='./bert_pretrain', vocab_size=21128, model_max_len=1000000000000000019884624838656, is_fast=False, padding_side='right', truncation_side='right', special_tokens={'unk_token': '[UNK]', 'sep_token': '[SEP]', 'pad_token': '[PAD]', 'cls_token': '[CLS]', 'mask_token': '[MASK]'}),
       hidden_size=768,
       LSTM_bias=True,
       LSTM_peephole=False,
       use_mpo=True,
       mpo_type=['lstm', 'fc', 'embedding'],
       truncate_num=10000,
       embedding_input_shape=[19, 4, 2, 7, 20],
       embedding_output_shape=[10, 3, 1, 1, 10],
       fc1_input_shape=[10, 2, 1, 3, 10],
       fc1_output_shape=[6, 2, 1, 2, 8],
       fc2_input_shape=[6, 2, 1, 2, 8],
       fc2_output_shape=[5, 1, 1, 1, 1],
       xh_input_shape=[300, 1],
       xh_output_shape=[1200, 1],
       hh_input_shape=[300, 1],
       hh_output_shape=[1200, 1])
加载数据...
Time usage: 0:00:03
Some weights of the model checkpoint at ./bert_pretrain were not used when initializing BertModel: ['cls.predictions.transform.dense.bias', 'cls.predictions.transform.LayerNorm.bias', 'cls.seq_relationship.bias', 'cls.predictions.decoder.weight', 'cls.predictions.transform.LayerNorm.weight', 'cls.seq_relationship.weight', 'cls.predictions.transform.dense.weight', 'cls.predictions.bias']
- This IS expected if you are initializing BertModel from the checkpoint of a model trained on another task or with another architecture (e.g. initializing a BertForSequenceClassification model from a BertForPreTraining model).
- This IS NOT expected if you are initializing BertModel from the checkpoint of a model that you expect to be exactly identical (initializing a BertForSequenceClassification model from a BertForSequenceClassification model).
14,583,935 total parameters.
Epoch [1/3]
Iter:      0,  Train Loss: 1.1e+01,  Train Acc: 18.75%,  Val Loss:   9.9,  Val Acc: 20.45%,  Time: 0:00:03 *
Iter:     50,  Train Loss:   8.9,  Train Acc: 18.75%,  Val Loss:   9.7,  Val Acc: 21.31%,  Time: 0:00:11 *
Iter:    100,  Train Loss:   6.9,  Train Acc: 35.94%,  Val Loss:   8.0,  Val Acc: 43.82%,  Time: 0:00:19 *
Iter:    150,  Train Loss:   5.6,  Train Acc: 59.38%,  Val Loss:   5.7,  Val Acc: 60.04%,  Time: 0:00:27 *
Iter:    200,  Train Loss:   5.3,  Train Acc: 64.06%,  Val Loss:   5.2,  Val Acc: 61.93%,  Time: 0:00:35 *
Epoch [2/3]
Iter:    250,  Train Loss:   4.0,  Train Acc: 75.00%,  Val Loss:   5.0,  Val Acc: 63.24%,  Time: 0:00:43 *
Iter:    300,  Train Loss:   4.1,  Train Acc: 73.44%,  Val Loss:   4.6,  Val Acc: 66.16%,  Time: 0:00:51 *
Iter:    350,  Train Loss:   3.6,  Train Acc: 78.12%,  Val Loss:   4.4,  Val Acc: 68.05%,  Time: 0:00:59 *
Iter:    400,  Train Loss:   4.0,  Train Acc: 73.44%,  Val Loss:   4.2,  Val Acc: 68.07%,  Time: 0:01:07 *
Iter:    450,  Train Loss:   4.1,  Train Acc: 68.75%,  Val Loss:   4.2,  Val Acc: 69.66%,  Time: 0:01:15 
Epoch [3/3]
Iter:    500,  Train Loss:   3.9,  Train Acc: 67.19%,  Val Loss:   4.1,  Val Acc: 69.49%,  Time: 0:01:23 *
Iter:    550,  Train Loss:   3.5,  Train Acc: 73.44%,  Val Loss:   4.0,  Val Acc: 69.91%,  Time: 0:01:31 *
Iter:    600,  Train Loss:   3.1,  Train Acc: 73.44%,  Val Loss:   3.9,  Val Acc: 70.05%,  Time: 0:01:39 *
Iter:    650,  Train Loss:   3.1,  Train Acc: 84.38%,  Val Loss:   4.0,  Val Acc: 70.66%,  Time: 0:01:47 
Iter:    700,  Train Loss:   2.7,  Train Acc: 79.69%,  Val Loss:   3.8,  Val Acc: 70.10%,  Time: 0:01:55 *
