Config(class_list=<map object at 0x7fd7dad7de40>,
       train_path='data/train.json',
       test_path='data/test.json',
       teacher_save_path='saved_dict/teacher.ckpt',
       student_save_path='saved_dict/student.ckpt',
       device=device(type='cuda'),
       train_teacher=0,
       train_student=1,
       require_improvement=1000,
       num_classes=5,
       teacher_num_epochs=3,
       student_num_epochs=3,
       batch_size=64,
       pad_size=32,
       learning_rate=0.0005,
       bert_path='./bert_pretrain',
       tokenizer=PreTrainedTokenizer(name_or_path='./bert_pretrain', vocab_size=21128, model_max_len=1000000000000000019884624838656, is_fast=False, padding_side='right', truncation_side='right', special_tokens={'unk_token': '[UNK]', 'sep_token': '[SEP]', 'pad_token': '[PAD]', 'cls_token': '[CLS]', 'mask_token': '[MASK]'}),
       hidden_size=768,
       LSTM_bias=True,
       LSTM_peephole=False,
       use_mpo=True,
       mpo_type=['fc'],
       truncate_num=10000,
       embedding_input_shape=<class 'list'>,
       embedding_output_shape=<class 'list'>,
       fc1_input_shape=[10, 2, 2, 1, 3, 5],
       fc1_output_shape=[6, 2, 2, 1, 2, 4],
       fc2_input_shape=[6, 2, 2, 1, 2, 4],
       fc2_output_shape=[5, 1, 1, 1, 1, 1],
       xh_input_shape=(),
       xh_output_shape=(),
       hh_input_shape=(),
       hh_output_shape=())
加载数据...
Time usage: 0:00:03
Some weights of the model checkpoint at ./bert_pretrain were not used when initializing BertModel: ['cls.predictions.bias', 'cls.seq_relationship.bias', 'cls.seq_relationship.weight', 'cls.predictions.transform.LayerNorm.weight', 'cls.predictions.transform.LayerNorm.bias', 'cls.predictions.transform.dense.weight', 'cls.predictions.transform.dense.bias', 'cls.predictions.decoder.weight']
- This IS expected if you are initializing BertModel from the checkpoint of a model trained on another task or with another architecture (e.g. initializing a BertForSequenceClassification model from a BertForPreTraining model).
- This IS NOT expected if you are initializing BertModel from the checkpoint of a model that you expect to be exactly identical (initializing a BertForSequenceClassification model from a BertForSequenceClassification model).
7,991,257 total parameters.
Epoch [1/3]
Iter:      0,  Train Loss: 1.1e+01,  Train Acc: 21.88%,  Val Loss: 1e+01,  Val Acc: 21.31%,  Time: 0:00:00 *
Iter:     50,  Train Loss:   7.5,  Train Acc: 40.62%,  Val Loss:   8.1,  Val Acc: 40.57%,  Time: 0:00:01 *
Iter:    100,  Train Loss:   5.4,  Train Acc: 56.25%,  Val Loss:   6.1,  Val Acc: 56.99%,  Time: 0:00:02 *
Iter:    150,  Train Loss:   5.0,  Train Acc: 68.75%,  Val Loss:   5.7,  Val Acc: 58.43%,  Time: 0:00:03 *
Iter:    200,  Train Loss:   5.2,  Train Acc: 65.62%,  Val Loss:   5.4,  Val Acc: 62.10%,  Time: 0:00:03 *
Epoch [2/3]
Iter:    250,  Train Loss:   4.2,  Train Acc: 68.75%,  Val Loss:   4.9,  Val Acc: 63.32%,  Time: 0:00:04 *
Iter:    300,  Train Loss:   4.2,  Train Acc: 76.56%,  Val Loss:   4.6,  Val Acc: 64.43%,  Time: 0:00:05 *
Iter:    350,  Train Loss:   3.6,  Train Acc: 70.31%,  Val Loss:   4.4,  Val Acc: 65.91%,  Time: 0:00:05 *
Iter:    400,  Train Loss:   4.0,  Train Acc: 73.44%,  Val Loss:   4.2,  Val Acc: 66.52%,  Time: 0:00:06 *
Iter:    450,  Train Loss:   3.7,  Train Acc: 65.62%,  Val Loss:   4.2,  Val Acc: 68.32%,  Time: 0:00:07 
Epoch [3/3]
Iter:    500,  Train Loss:   4.1,  Train Acc: 75.00%,  Val Loss:   4.2,  Val Acc: 68.71%,  Time: 0:00:07 *
Iter:    550,  Train Loss:   3.5,  Train Acc: 73.44%,  Val Loss:   4.1,  Val Acc: 67.02%,  Time: 0:00:08 *
Iter:    600,  Train Loss:   3.3,  Train Acc: 70.31%,  Val Loss:   3.8,  Val Acc: 68.02%,  Time: 0:00:09 *
Iter:    650,  Train Loss:   4.1,  Train Acc: 68.75%,  Val Loss:   4.0,  Val Acc: 68.74%,  Time: 0:00:09 
Iter:    700,  Train Loss:   2.8,  Train Acc: 78.12%,  Val Loss:   3.7,  Val Acc: 69.05%,  Time: 0:00:10 *
