Config(class_list=<map object at 0x7f8569381e10>,
       train_path='data/train.json',
       test_path='data/test.json',
       teacher_save_path='saved_dict/teacher.ckpt',
       student_save_path='saved_dict/student.ckpt',
       device=device(type='cuda'),
       train_teacher=0,
       train_student=1,
       require_improvement=1000,
       num_classes=5,
       teacher_num_epochs=3,
       student_num_epochs=3,
       batch_size=64,
       pad_size=32,
       learning_rate=0.0005,
       bert_path='./bert_pretrain',
       tokenizer=PreTrainedTokenizer(name_or_path='./bert_pretrain', vocab_size=21128, model_max_len=1000000000000000019884624838656, is_fast=False, padding_side='right', truncation_side='right', special_tokens={'unk_token': '[UNK]', 'sep_token': '[SEP]', 'pad_token': '[PAD]', 'cls_token': '[CLS]', 'mask_token': '[MASK]'}),
       hidden_size=768,
       LSTM_bias=True,
       LSTM_peephole=False,
       use_mpo=True,
       mpo_type=['lstm'],
       truncate_num=10000,
       embedding_input_shape=<class 'list'>,
       embedding_output_shape=<class 'list'>,
       fc1_input_shape=(),
       fc1_output_shape=(),
       fc2_input_shape=(),
       fc2_output_shape=(),
       xh_input_shape=[300, 1, 1],
       xh_output_shape=[1, 1, 1200],
       hh_input_shape=[1, 1, 300],
       hh_output_shape=[1, 1, 1200])
加载数据...
Time usage: 0:00:03
Some weights of the model checkpoint at ./bert_pretrain were not used when initializing BertModel: ['cls.seq_relationship.bias', 'cls.predictions.decoder.weight', 'cls.predictions.bias', 'cls.seq_relationship.weight', 'cls.predictions.transform.LayerNorm.bias', 'cls.predictions.transform.dense.weight', 'cls.predictions.transform.LayerNorm.weight', 'cls.predictions.transform.dense.bias']
- This IS expected if you are initializing BertModel from the checkpoint of a model trained on another task or with another architecture (e.g. initializing a BertForSequenceClassification model from a BertForPreTraining model).
- This IS NOT expected if you are initializing BertModel from the checkpoint of a model that you expect to be exactly identical (initializing a BertForSequenceClassification model from a BertForSequenceClassification model).
7,357,159 total parameters.
Epoch [1/3]
Iter:      0,  Train Loss: 1.1e+01,  Train Acc: 10.94%,  Val Loss: 1e+01,  Val Acc: 21.31%,  Time: 0:00:03 *
Iter:     50,  Train Loss:   8.2,  Train Acc: 28.12%,  Val Loss:   8.7,  Val Acc: 32.84%,  Time: 0:00:13 *
Iter:    100,  Train Loss:   6.2,  Train Acc: 45.31%,  Val Loss:   7.2,  Val Acc: 48.79%,  Time: 0:00:23 *
Iter:    150,  Train Loss:   6.5,  Train Acc: 53.12%,  Val Loss:   6.5,  Val Acc: 54.40%,  Time: 0:00:32 *
Iter:    200,  Train Loss:   5.8,  Train Acc: 64.06%,  Val Loss:   6.1,  Val Acc: 57.43%,  Time: 0:00:41 *
Epoch [2/3]
Iter:    250,  Train Loss:   5.4,  Train Acc: 68.75%,  Val Loss:   5.9,  Val Acc: 57.57%,  Time: 0:00:50 *
Iter:    300,  Train Loss:   5.0,  Train Acc: 68.75%,  Val Loss:   5.9,  Val Acc: 57.57%,  Time: 0:00:59 
Iter:    350,  Train Loss:   5.5,  Train Acc: 60.94%,  Val Loss:   5.7,  Val Acc: 59.02%,  Time: 0:01:08 *
Iter:    400,  Train Loss:   5.9,  Train Acc: 64.06%,  Val Loss:   5.7,  Val Acc: 60.71%,  Time: 0:01:17 
Iter:    450,  Train Loss:   5.7,  Train Acc: 64.06%,  Val Loss:   5.7,  Val Acc: 61.77%,  Time: 0:01:26 
Epoch [3/3]
Iter:    500,  Train Loss:   5.3,  Train Acc: 71.88%,  Val Loss:   5.6,  Val Acc: 62.16%,  Time: 0:01:35 *
Iter:    550,  Train Loss:   4.9,  Train Acc: 62.50%,  Val Loss:   5.7,  Val Acc: 60.07%,  Time: 0:01:44 
Iter:    600,  Train Loss:   5.1,  Train Acc: 65.62%,  Val Loss:   5.5,  Val Acc: 60.43%,  Time: 0:01:53 *
Iter:    650,  Train Loss:   6.9,  Train Acc: 54.69%,  Val Loss:   5.4,  Val Acc: 62.57%,  Time: 0:02:02 *
Iter:    700,  Train Loss:   4.1,  Train Acc: 73.44%,  Val Loss:   5.4,  Val Acc: 61.35%,  Time: 0:02:11 *
