Config(class_list=<generator object Config.<genexpr> at 0x7ff14f562340>,
       train_path='data/train.json',
       test_path='data/test.json',
       teacher_save_path='saved_dict/teacher.ckpt',
       student_save_path='saved_dict/student.ckpt',
       device=device(type='cuda'),
       train_teacher=0,
       train_student=1,
       require_improvement=1000,
       num_classes=5,
       teacher_num_epochs=3,
       student_num_epochs=3,
       batch_size=64,
       pad_size=32,
       learning_rate=0.0005,
       bert_path='./bert_pretrain',
       tokenizer=PreTrainedTokenizer(name_or_path='./bert_pretrain', vocab_size=21128, model_max_len=1000000000000000019884624838656, is_fast=False, padding_side='right', truncation_side='right', special_tokens={'unk_token': '[UNK]', 'sep_token': '[SEP]', 'pad_token': '[PAD]', 'cls_token': '[CLS]', 'mask_token': '[MASK]'}),
       hidden_size=768,
       LSTM_bias=True,
       LSTM_peephole=False,
       use_mpo=True,
       mpo_type=['lstm'],
       truncate_num=10000,
       embedding_input_shape=<class 'list'>,
       embedding_output_shape=<class 'list'>,
       fc1_input_shape=(),
       fc1_output_shape=(),
       fc2_input_shape=(),
       fc2_output_shape=(),
       xh_input_shape=[10, 3, 1, 1, 10],
       xh_output_shape=[10, 3, 1, 4, 10],
       hh_input_shape=[10, 3, 1, 1, 10],
       hh_output_shape=[10, 3, 1, 4, 10])
加载数据...
Time usage: 0:00:03
Some weights of the model checkpoint at ./bert_pretrain were not used when initializing BertModel: ['cls.predictions.transform.dense.bias', 'cls.predictions.transform.dense.weight', 'cls.predictions.decoder.weight', 'cls.predictions.bias', 'cls.predictions.transform.LayerNorm.weight', 'cls.seq_relationship.weight', 'cls.predictions.transform.LayerNorm.bias', 'cls.seq_relationship.bias']
- This IS expected if you are initializing BertModel from the checkpoint of a model trained on another task or with another architecture (e.g. initializing a BertForSequenceClassification model from a BertForPreTraining model).
- This IS NOT expected if you are initializing BertModel from the checkpoint of a model that you expect to be exactly identical (initializing a BertForSequenceClassification model from a BertForSequenceClassification model).
7,857,157 total parameters.
Epoch [1/3]
Iter:      0,  Train Loss: 1.1e+01,  Train Acc: 29.69%,  Val Loss:   9.9,  Val Acc: 21.31%,  Time: 0:00:04 *
Iter:     50,  Train Loss:   8.9,  Train Acc: 18.75%,  Val Loss:   9.7,  Val Acc: 21.31%,  Time: 0:00:16 *
Iter:    100,  Train Loss:   8.3,  Train Acc: 20.31%,  Val Loss:   9.6,  Val Acc: 21.31%,  Time: 0:00:28 *
Iter:    150,  Train Loss:   9.3,  Train Acc: 28.12%,  Val Loss:   9.1,  Val Acc: 29.90%,  Time: 0:00:40 *
Iter:    200,  Train Loss:   8.1,  Train Acc: 48.44%,  Val Loss:   8.5,  Val Acc: 37.93%,  Time: 0:00:52 *
Epoch [2/3]
Iter:    250,  Train Loss:   8.6,  Train Acc: 43.75%,  Val Loss:   8.2,  Val Acc: 38.37%,  Time: 0:01:04 *
Iter:    300,  Train Loss:   7.6,  Train Acc: 39.06%,  Val Loss:   7.9,  Val Acc: 41.23%,  Time: 0:01:16 *
Iter:    350,  Train Loss:   8.5,  Train Acc: 45.31%,  Val Loss:   7.4,  Val Acc: 43.68%,  Time: 0:01:28 *
Iter:    400,  Train Loss:   7.3,  Train Acc: 42.19%,  Val Loss:   7.1,  Val Acc: 47.51%,  Time: 0:01:41 *
Iter:    450,  Train Loss:   7.5,  Train Acc: 43.75%,  Val Loss:   6.8,  Val Acc: 52.38%,  Time: 0:01:53 *
Epoch [3/3]
Iter:    500,  Train Loss:   6.3,  Train Acc: 57.81%,  Val Loss:   6.6,  Val Acc: 53.46%,  Time: 0:02:05 *
Iter:    550,  Train Loss:   5.8,  Train Acc: 51.56%,  Val Loss:   6.6,  Val Acc: 52.60%,  Time: 0:02:16 *
Iter:    600,  Train Loss:   5.7,  Train Acc: 57.81%,  Val Loss:   6.3,  Val Acc: 51.85%,  Time: 0:02:28 *
Iter:    650,  Train Loss:   7.1,  Train Acc: 51.56%,  Val Loss:   6.4,  Val Acc: 51.74%,  Time: 0:02:40 
Iter:    700,  Train Loss:   6.1,  Train Acc: 64.06%,  Val Loss:   6.3,  Val Acc: 52.57%,  Time: 0:02:52 *
