Config(class_list=<map object at 0x7f7672109e40>,
       train_path='data/train.json',
       test_path='data/test.json',
       teacher_save_path='saved_dict/teacher.ckpt',
       student_save_path='saved_dict/student.ckpt',
       device=device(type='cuda'),
       train_teacher=0,
       train_student=1,
       require_improvement=1000,
       num_classes=5,
       teacher_num_epochs=3,
       student_num_epochs=3,
       batch_size=64,
       pad_size=32,
       learning_rate=0.0004,
       bert_path='./bert_pretrain',
       tokenizer=PreTrainedTokenizer(name_or_path='./bert_pretrain', vocab_size=21128, model_max_len=1000000000000000019884624838656, is_fast=False, padding_side='right', truncation_side='right', special_tokens={'unk_token': '[UNK]', 'sep_token': '[SEP]', 'pad_token': '[PAD]', 'cls_token': '[CLS]', 'mask_token': '[MASK]'}),
       hidden_size=768,
       LSTM_bias=True,
       LSTM_peephole=False,
       use_mpo=True,
       mpo_type=['lstm'],
       truncate_num=10000,
       embedding_input_shape=<class 'list'>,
       embedding_output_shape=<class 'list'>,
       fc1_input_shape=(),
       fc1_output_shape=(),
       fc2_input_shape=(),
       fc2_output_shape=(),
       xh_input_shape=[15, 2, 1, 10],
       xh_output_shape=[15, 2, 2, 20],
       hh_input_shape=[15, 2, 1, 10],
       hh_output_shape=[15, 2, 2, 20])
加载数据...
Time usage: 0:00:03
Some weights of the model checkpoint at ./bert_pretrain were not used when initializing BertModel: ['cls.predictions.transform.dense.weight', 'cls.predictions.bias', 'cls.predictions.transform.LayerNorm.bias', 'cls.seq_relationship.weight', 'cls.predictions.transform.dense.bias', 'cls.predictions.transform.LayerNorm.weight', 'cls.predictions.decoder.weight', 'cls.seq_relationship.bias']
- This IS expected if you are initializing BertModel from the checkpoint of a model trained on another task or with another architecture (e.g. initializing a BertForSequenceClassification model from a BertForPreTraining model).
- This IS NOT expected if you are initializing BertModel from the checkpoint of a model that you expect to be exactly identical (initializing a BertForSequenceClassification model from a BertForSequenceClassification model).
7,678,407 total parameters.
Epoch [1/3]
Iter:      0,  Train Loss: 1.1e+01,  Train Acc: 18.75%,  Val Loss:   9.9,  Val Acc: 18.31%,  Time: 0:00:04 *
Iter:     50,  Train Loss:   8.6,  Train Acc: 28.12%,  Val Loss:   9.4,  Val Acc: 28.34%,  Time: 0:00:15 *
Iter:    100,  Train Loss:   6.7,  Train Acc: 35.94%,  Val Loss:   7.6,  Val Acc: 42.37%,  Time: 0:00:26 *
Iter:    150,  Train Loss:   7.0,  Train Acc: 46.88%,  Val Loss:   7.0,  Val Acc: 49.12%,  Time: 0:00:37 *
Iter:    200,  Train Loss:   6.3,  Train Acc: 56.25%,  Val Loss:   6.7,  Val Acc: 51.63%,  Time: 0:00:48 *
Epoch [2/3]
Iter:    250,  Train Loss:   6.2,  Train Acc: 68.75%,  Val Loss:   6.5,  Val Acc: 52.04%,  Time: 0:00:59 *
Iter:    300,  Train Loss:   5.8,  Train Acc: 62.50%,  Val Loss:   6.4,  Val Acc: 54.82%,  Time: 0:01:10 *
Iter:    350,  Train Loss:   6.3,  Train Acc: 68.75%,  Val Loss:   6.2,  Val Acc: 55.21%,  Time: 0:01:20 *
Iter:    400,  Train Loss:   6.2,  Train Acc: 56.25%,  Val Loss:   6.1,  Val Acc: 56.77%,  Time: 0:01:31 *
Iter:    450,  Train Loss:   6.1,  Train Acc: 54.69%,  Val Loss:   6.0,  Val Acc: 57.65%,  Time: 0:01:42 *
Epoch [3/3]
Iter:    500,  Train Loss:   5.8,  Train Acc: 64.06%,  Val Loss:   6.0,  Val Acc: 58.10%,  Time: 0:01:53 *
Iter:    550,  Train Loss:   5.5,  Train Acc: 62.50%,  Val Loss:   6.0,  Val Acc: 57.68%,  Time: 0:02:03 *
Iter:    600,  Train Loss:   5.4,  Train Acc: 62.50%,  Val Loss:   5.8,  Val Acc: 57.74%,  Time: 0:02:14 *
Iter:    650,  Train Loss:   6.7,  Train Acc: 56.25%,  Val Loss:   5.8,  Val Acc: 58.13%,  Time: 0:02:25 *
Iter:    700,  Train Loss:   4.4,  Train Acc: 73.44%,  Val Loss:   5.8,  Val Acc: 59.32%,  Time: 0:02:36 
