Config(class_list=<map object at 0x7f77281c1e10>,
       train_path='data/train.json',
       test_path='data/test.json',
       teacher_save_path='saved_dict/teacher.ckpt',
       student_save_path='saved_dict/student.ckpt',
       device=device(type='cuda'),
       train_teacher=0,
       train_student=1,
       require_improvement=1000,
       num_classes=5,
       teacher_num_epochs=3,
       student_num_epochs=3,
       batch_size=64,
       pad_size=32,
       learning_rate=0.0005,
       bert_path='./bert_pretrain',
       tokenizer=PreTrainedTokenizer(name_or_path='./bert_pretrain', vocab_size=21128, model_max_len=1000000000000000019884624838656, is_fast=False, padding_side='right', truncation_side='right', special_tokens={'unk_token': '[UNK]', 'sep_token': '[SEP]', 'pad_token': '[PAD]', 'cls_token': '[CLS]', 'mask_token': '[MASK]'}),
       hidden_size=768,
       LSTM_bias=True,
       LSTM_peephole=False,
       use_mpo=True,
       mpo_type=['lstm'],
       truncate_num=10000,
       embedding_input_shape=<class 'list'>,
       embedding_output_shape=<class 'list'>,
       fc1_input_shape=(),
       fc1_output_shape=(),
       fc2_input_shape=(),
       fc2_output_shape=(),
       xh_input_shape=[300, 1],
       xh_output_shape=[1200, 1],
       hh_input_shape=[300, 1],
       hh_output_shape=[1200, 1])
加载数据...
Time usage: 0:00:03
Some weights of the model checkpoint at ./bert_pretrain were not used when initializing BertModel: ['cls.predictions.transform.LayerNorm.weight', 'cls.predictions.transform.dense.bias', 'cls.predictions.transform.dense.weight', 'cls.seq_relationship.bias', 'cls.predictions.decoder.weight', 'cls.predictions.transform.LayerNorm.bias', 'cls.predictions.bias', 'cls.seq_relationship.weight']
- This IS expected if you are initializing BertModel from the checkpoint of a model trained on another task or with another architecture (e.g. initializing a BertForSequenceClassification model from a BertForPreTraining model).
- This IS NOT expected if you are initializing BertModel from the checkpoint of a model that you expect to be exactly identical (initializing a BertForSequenceClassification model from a BertForSequenceClassification model).
7,177,159 total parameters.
Epoch [1/3]
Iter:      0,  Train Loss: 1.1e+01,  Train Acc: 31.25%,  Val Loss:   9.9,  Val Acc: 21.31%,  Time: 0:00:03 *
Iter:     50,  Train Loss:   8.9,  Train Acc: 18.75%,  Val Loss:   9.7,  Val Acc: 21.31%,  Time: 0:00:11 *
Iter:    100,  Train Loss:   8.4,  Train Acc: 20.31%,  Val Loss:   9.7,  Val Acc: 21.31%,  Time: 0:00:19 *
Iter:    150,  Train Loss:   9.6,  Train Acc: 25.00%,  Val Loss:   9.7,  Val Acc: 21.31%,  Time: 0:00:26 
Iter:    200,  Train Loss:   9.6,  Train Acc: 23.44%,  Val Loss:   9.5,  Val Acc: 23.84%,  Time: 0:00:34 *
Epoch [2/3]
Iter:    250,  Train Loss:   7.3,  Train Acc: 59.38%,  Val Loss:   7.4,  Val Acc: 48.43%,  Time: 0:00:42 *
Iter:    300,  Train Loss:   5.7,  Train Acc: 57.81%,  Val Loss:   6.1,  Val Acc: 55.63%,  Time: 0:00:50 *
Iter:    350,  Train Loss:   5.2,  Train Acc: 67.19%,  Val Loss:   5.5,  Val Acc: 59.79%,  Time: 0:00:57 *
Iter:    400,  Train Loss:   5.5,  Train Acc: 54.69%,  Val Loss:   5.3,  Val Acc: 62.41%,  Time: 0:01:05 *
Iter:    450,  Train Loss:   5.6,  Train Acc: 67.19%,  Val Loss:   5.2,  Val Acc: 62.43%,  Time: 0:01:13 *
Epoch [3/3]
Iter:    500,  Train Loss:   4.7,  Train Acc: 68.75%,  Val Loss:   5.0,  Val Acc: 63.85%,  Time: 0:01:20 *
Iter:    550,  Train Loss:   4.2,  Train Acc: 64.06%,  Val Loss:   4.9,  Val Acc: 64.55%,  Time: 0:01:28 *
Iter:    600,  Train Loss:   4.2,  Train Acc: 70.31%,  Val Loss:   4.7,  Val Acc: 63.88%,  Time: 0:01:36 *
Iter:    650,  Train Loss:   4.8,  Train Acc: 67.19%,  Val Loss:   4.8,  Val Acc: 65.80%,  Time: 0:01:43 
Iter:    700,  Train Loss:   3.4,  Train Acc: 79.69%,  Val Loss:   4.6,  Val Acc: 64.93%,  Time: 0:01:51 *
