Config(class_list=<map object at 0x7f717a3b1e10>,
       train_path='data/train.json',
       test_path='data/test.json',
       teacher_save_path='saved_dict/teacher.ckpt',
       student_save_path='saved_dict/student.ckpt',
       device=device(type='cuda'),
       train_teacher=0,
       train_student=1,
       require_improvement=1000,
       num_classes=5,
       teacher_num_epochs=3,
       student_num_epochs=3,
       batch_size=64,
       pad_size=32,
       learning_rate=0.0005,
       bert_path='./bert_pretrain',
       tokenizer=PreTrainedTokenizer(name_or_path='./bert_pretrain', vocab_size=21128, model_max_len=1000000000000000019884624838656, is_fast=False, padding_side='right', truncation_side='right', special_tokens={'unk_token': '[UNK]', 'sep_token': '[SEP]', 'pad_token': '[PAD]', 'cls_token': '[CLS]', 'mask_token': '[MASK]'}),
       hidden_size=768,
       LSTM_bias=True,
       LSTM_peephole=False,
       use_mpo=True,
       mpo_type=['lstm'],
       truncate_num=10000,
       embedding_input_shape=<class 'list'>,
       embedding_output_shape=<class 'list'>,
       fc1_input_shape=(),
       fc1_output_shape=(),
       fc2_input_shape=(),
       fc2_output_shape=(),
       xh_input_shape=[20, 15],
       xh_output_shape=[40, 30],
       hh_input_shape=[20, 15],
       hh_output_shape=[40, 30])
加载数据...
Time usage: 0:00:03
Some weights of the model checkpoint at ./bert_pretrain were not used when initializing BertModel: ['cls.predictions.bias', 'cls.seq_relationship.weight', 'cls.predictions.decoder.weight', 'cls.seq_relationship.bias', 'cls.predictions.transform.dense.bias', 'cls.predictions.transform.LayerNorm.bias', 'cls.predictions.transform.LayerNorm.weight', 'cls.predictions.transform.dense.weight']
- This IS expected if you are initializing BertModel from the checkpoint of a model trained on another task or with another architecture (e.g. initializing a BertForSequenceClassification model from a BertForPreTraining model).
- This IS NOT expected if you are initializing BertModel from the checkpoint of a model that you expect to be exactly identical (initializing a BertForSequenceClassification model from a BertForSequenceClassification model).
7,582,157 total parameters.
Epoch [1/3]
Iter:      0,  Train Loss: 1.1e+01,  Train Acc: 29.69%,  Val Loss:   9.9,  Val Acc: 21.31%,  Time: 0:00:03 *
Iter:     50,  Train Loss:   7.2,  Train Acc: 43.75%,  Val Loss:   7.6,  Val Acc: 45.01%,  Time: 0:00:11 *
Iter:    100,  Train Loss:   6.0,  Train Acc: 46.88%,  Val Loss:   6.7,  Val Acc: 52.85%,  Time: 0:00:19 *
Iter:    150,  Train Loss:   6.4,  Train Acc: 53.12%,  Val Loss:   6.2,  Val Acc: 57.24%,  Time: 0:00:27 *
Iter:    200,  Train Loss:   5.8,  Train Acc: 62.50%,  Val Loss:   5.7,  Val Acc: 60.57%,  Time: 0:00:35 *
Epoch [2/3]
Iter:    250,  Train Loss:   4.7,  Train Acc: 71.88%,  Val Loss:   5.5,  Val Acc: 60.96%,  Time: 0:00:43 *
Iter:    300,  Train Loss:   4.6,  Train Acc: 71.88%,  Val Loss:   5.3,  Val Acc: 61.99%,  Time: 0:00:51 *
Iter:    350,  Train Loss:   4.8,  Train Acc: 64.06%,  Val Loss:   5.1,  Val Acc: 63.60%,  Time: 0:01:00 *
Iter:    400,  Train Loss:   5.0,  Train Acc: 62.50%,  Val Loss:   5.0,  Val Acc: 63.66%,  Time: 0:01:07 *
Iter:    450,  Train Loss:   5.5,  Train Acc: 62.50%,  Val Loss:   5.1,  Val Acc: 64.38%,  Time: 0:01:16 
Epoch [3/3]
Iter:    500,  Train Loss:   4.8,  Train Acc: 73.44%,  Val Loss:   4.9,  Val Acc: 64.55%,  Time: 0:01:24 *
Iter:    550,  Train Loss:   4.2,  Train Acc: 68.75%,  Val Loss:   4.8,  Val Acc: 64.30%,  Time: 0:01:32 *
Iter:    600,  Train Loss:   4.2,  Train Acc: 71.88%,  Val Loss:   4.7,  Val Acc: 64.99%,  Time: 0:01:39 *
Iter:    650,  Train Loss:   5.1,  Train Acc: 70.31%,  Val Loss:   4.7,  Val Acc: 65.46%,  Time: 0:01:47 *
Iter:    700,  Train Loss:   3.9,  Train Acc: 70.31%,  Val Loss:   4.6,  Val Acc: 64.57%,  Time: 0:01:55 *
